Included from /mnt/c/PROJETOS/BIONIX-ML/src/dados/__init__.mojo:1:
/mnt/c/PROJETOS/BIONIX-ML/src/dados/__init__.mojo:17:34: warning: transfer from an owned value has no effect and can be removed
    return wav.parse_wav(caminho)^
                                 ^
                                 
Included from /mnt/c/PROJETOS/BIONIX-ML/src/dados/__init__.mojo:1:
/mnt/c/PROJETOS/BIONIX-ML/src/dados/__init__.mojo:20:34: warning: transfer from an owned value has no effect and can be removed
    return bmp.parse_bmp(caminho)^
                                 ^
                                 
Included from /mnt/c/PROJETOS/BIONIX-ML/src/dados/__init__.mojo:1:
Included from /mnt/c/PROJETOS/BIONIX-ML/src/dados/__init__.mojo:2:
/mnt/c/PROJETOS/BIONIX-ML/src/dados/csv.mojo:85:24: warning: 'List' is no longer implicitly copyable, because it is O(n) expensive; this warning will be an error in the next release of Mojo
        return CSVData(cab, List[List[String]](), texto)^
                       ^~~
Included from /mnt/c/PROJETOS/BIONIX-ML/src/dados/__init__.mojo:1:
Included from /mnt/c/PROJETOS/BIONIX-ML/src/dados/__init__.mojo:2:
/mnt/c/PROJETOS/BIONIX-ML/src/dados/csv.mojo:85:24: note: consider transferring the value with '^'
        return CSVData(cab, List[List[String]](), texto)^
                       ^
                          ^
Included from /mnt/c/PROJETOS/BIONIX-ML/src/dados/__init__.mojo:1:
Included from /mnt/c/PROJETOS/BIONIX-ML/src/dados/__init__.mojo:2:
/mnt/c/PROJETOS/BIONIX-ML/src/dados/csv.mojo:85:24: note: you can copy it explicitly with '.copy()'
        return CSVData(cab, List[List[String]](), texto)^
                       ^
                          .copy()
Included from /mnt/c/PROJETOS/BIONIX-ML/src/dados/__init__.mojo:1:
Included from /mnt/c/PROJETOS/BIONIX-ML/src/dados/__init__.mojo:2:
/mnt/c/PROJETOS/BIONIX-ML/src/dados/csv.mojo:85:57: warning: transfer from an owned value has no effect and can be removed
        return CSVData(cab, List[List[String]](), texto)^
                                                        ^
                                                        
Included from /mnt/c/PROJETOS/BIONIX-ML/src/dados/__init__.mojo:1:
Included from /mnt/c/PROJETOS/BIONIX-ML/src/dados/__init__.mojo:2:
/mnt/c/PROJETOS/BIONIX-ML/src/dados/csv.mojo:89:44: warning: 'List' is no longer implicitly copyable, because it is O(n) expensive; this warning will be an error in the next release of Mojo
        if detectar_cabecalho_por_conteudo(possivel):
                                           ^~~~~~~~
Included from /mnt/c/PROJETOS/BIONIX-ML/src/dados/__init__.mojo:1:
Included from /mnt/c/PROJETOS/BIONIX-ML/src/dados/__init__.mojo:2:
/mnt/c/PROJETOS/BIONIX-ML/src/dados/csv.mojo:89:44: note: consider transferring the value with '^'
        if detectar_cabecalho_por_conteudo(possivel):
                                           ^
                                                   ^
Included from /mnt/c/PROJETOS/BIONIX-ML/src/dados/__init__.mojo:1:
Included from /mnt/c/PROJETOS/BIONIX-ML/src/dados/__init__.mojo:2:
/mnt/c/PROJETOS/BIONIX-ML/src/dados/csv.mojo:89:44: note: you can copy it explicitly with '.copy()'
        if detectar_cabecalho_por_conteudo(possivel):
                                           ^
                                                   .copy()
Included from /mnt/c/PROJETOS/BIONIX-ML/src/dados/__init__.mojo:1:
Included from /mnt/c/PROJETOS/BIONIX-ML/src/dados/__init__.mojo:2:
/mnt/c/PROJETOS/BIONIX-ML/src/dados/csv.mojo:97:20: warning: 'List' is no longer implicitly copyable, because it is O(n) expensive; this warning will be an error in the next release of Mojo
    return CSVData(cab, dados, texto)^
                   ^~~
Included from /mnt/c/PROJETOS/BIONIX-ML/src/dados/__init__.mojo:1:
Included from /mnt/c/PROJETOS/BIONIX-ML/src/dados/__init__.mojo:2:
/mnt/c/PROJETOS/BIONIX-ML/src/dados/csv.mojo:97:20: note: consider transferring the value with '^'
    return CSVData(cab, dados, texto)^
                   ^
                      ^
Included from /mnt/c/PROJETOS/BIONIX-ML/src/dados/__init__.mojo:1:
Included from /mnt/c/PROJETOS/BIONIX-ML/src/dados/__init__.mojo:2:
/mnt/c/PROJETOS/BIONIX-ML/src/dados/csv.mojo:97:20: note: you can copy it explicitly with '.copy()'
    return CSVData(cab, dados, texto)^
                   ^
                      .copy()
Included from /mnt/c/PROJETOS/BIONIX-ML/src/dados/__init__.mojo:1:
Included from /mnt/c/PROJETOS/BIONIX-ML/src/dados/__init__.mojo:2:
/mnt/c/PROJETOS/BIONIX-ML/src/dados/csv.mojo:97:25: warning: 'List' is no longer implicitly copyable, because it is O(n) expensive; this warning will be an error in the next release of Mojo
    return CSVData(cab, dados, texto)^
                        ^~~~~
Included from /mnt/c/PROJETOS/BIONIX-ML/src/dados/__init__.mojo:1:
Included from /mnt/c/PROJETOS/BIONIX-ML/src/dados/__init__.mojo:2:
/mnt/c/PROJETOS/BIONIX-ML/src/dados/csv.mojo:97:25: note: consider transferring the value with '^'
    return CSVData(cab, dados, texto)^
                        ^
                             ^
Included from /mnt/c/PROJETOS/BIONIX-ML/src/dados/__init__.mojo:1:
Included from /mnt/c/PROJETOS/BIONIX-ML/src/dados/__init__.mojo:2:
/mnt/c/PROJETOS/BIONIX-ML/src/dados/csv.mojo:97:25: note: you can copy it explicitly with '.copy()'
    return CSVData(cab, dados, texto)^
                        ^
                             .copy()
Included from /mnt/c/PROJETOS/BIONIX-ML/src/dados/__init__.mojo:1:
Included from /mnt/c/PROJETOS/BIONIX-ML/src/dados/__init__.mojo:2:
/mnt/c/PROJETOS/BIONIX-ML/src/dados/csv.mojo:97:38: warning: transfer from an owned value has no effect and can be removed
    return CSVData(cab, dados, texto)^
                                     ^
                                     
Included from /mnt/c/PROJETOS/BIONIX-ML/exemplos/principal.mojo:1:
Included from /mnt/c/PROJETOS/BIONIX-ML/exemplos/e000001_exemplo/exemplo.mojo:2:
/mnt/c/PROJETOS/BIONIX-ML/src/dados/print_helpers.mojo:41:29: warning: 'List' is no longer implicitly copyable, because it is O(n) expensive; this warning will be an error in the next release of Mojo
    imprimir_matriz_float(mm.dados_normalizados, 20)
                          ~~^~~~~~~~~~~~~~~~~~~
Included from /mnt/c/PROJETOS/BIONIX-ML/exemplos/principal.mojo:1:
Included from /mnt/c/PROJETOS/BIONIX-ML/exemplos/e000001_exemplo/exemplo.mojo:2:
/mnt/c/PROJETOS/BIONIX-ML/src/dados/print_helpers.mojo:41:29: note: consider transferring the value with '^'
    imprimir_matriz_float(mm.dados_normalizados, 20)
                            ^
                                               ^
Included from /mnt/c/PROJETOS/BIONIX-ML/exemplos/principal.mojo:1:
Included from /mnt/c/PROJETOS/BIONIX-ML/exemplos/e000001_exemplo/exemplo.mojo:2:
/mnt/c/PROJETOS/BIONIX-ML/src/dados/print_helpers.mojo:41:29: note: you can copy it explicitly with '.copy()'
    imprimir_matriz_float(mm.dados_normalizados, 20)
                            ^
                                               .copy()
Included from /mnt/c/PROJETOS/BIONIX-ML/exemplos/principal.mojo:1:
Included from /mnt/c/PROJETOS/BIONIX-ML/exemplos/e000001_exemplo/exemplo.mojo:2:
/mnt/c/PROJETOS/BIONIX-ML/src/dados/print_helpers.mojo:51:29: warning: 'List' is no longer implicitly copyable, because it is O(n) expensive; this warning will be an error in the next release of Mojo
    imprimir_matriz_float(zs.dados_normalizados, 20)
                          ~~^~~~~~~~~~~~~~~~~~~
Included from /mnt/c/PROJETOS/BIONIX-ML/exemplos/principal.mojo:1:
Included from /mnt/c/PROJETOS/BIONIX-ML/exemplos/e000001_exemplo/exemplo.mojo:2:
/mnt/c/PROJETOS/BIONIX-ML/src/dados/print_helpers.mojo:51:29: note: consider transferring the value with '^'
    imprimir_matriz_float(zs.dados_normalizados, 20)
                            ^
                                               ^
Included from /mnt/c/PROJETOS/BIONIX-ML/exemplos/principal.mojo:1:
Included from /mnt/c/PROJETOS/BIONIX-ML/exemplos/e000001_exemplo/exemplo.mojo:2:
/mnt/c/PROJETOS/BIONIX-ML/src/dados/print_helpers.mojo:51:29: note: you can copy it explicitly with '.copy()'
    imprimir_matriz_float(zs.dados_normalizados, 20)
                            ^
                                               .copy()
Included from /mnt/c/PROJETOS/BIONIX-ML/src/dados/__init__.mojo:1:
Included from /mnt/c/PROJETOS/BIONIX-ML/src/dados/__init__.mojo:6:
/mnt/c/PROJETOS/BIONIX-ML/src/dados/normalizacao.mojo:52:25: warning: 'List' is no longer implicitly copyable, because it is O(n) expensive; this warning will be an error in the next release of Mojo
    return MinMaxResult(resultado, min_col, max_col)
                        ^~~~~~~~~
Included from /mnt/c/PROJETOS/BIONIX-ML/src/dados/__init__.mojo:1:
Included from /mnt/c/PROJETOS/BIONIX-ML/src/dados/__init__.mojo:6:
/mnt/c/PROJETOS/BIONIX-ML/src/dados/normalizacao.mojo:52:25: note: consider transferring the value with '^'
    return MinMaxResult(resultado, min_col, max_col)
                        ^
                                 ^
Included from /mnt/c/PROJETOS/BIONIX-ML/src/dados/__init__.mojo:1:
Included from /mnt/c/PROJETOS/BIONIX-ML/src/dados/__init__.mojo:6:
/mnt/c/PROJETOS/BIONIX-ML/src/dados/normalizacao.mojo:52:25: note: you can copy it explicitly with '.copy()'
    return MinMaxResult(resultado, min_col, max_col)
                        ^
                                 .copy()
Included from /mnt/c/PROJETOS/BIONIX-ML/src/dados/__init__.mojo:1:
Included from /mnt/c/PROJETOS/BIONIX-ML/src/dados/__init__.mojo:6:
/mnt/c/PROJETOS/BIONIX-ML/src/dados/normalizacao.mojo:52:36: warning: 'List' is no longer implicitly copyable, because it is O(n) expensive; this warning will be an error in the next release of Mojo
    return MinMaxResult(resultado, min_col, max_col)
                                   ^~~~~~~
Included from /mnt/c/PROJETOS/BIONIX-ML/src/dados/__init__.mojo:1:
Included from /mnt/c/PROJETOS/BIONIX-ML/src/dados/__init__.mojo:6:
/mnt/c/PROJETOS/BIONIX-ML/src/dados/normalizacao.mojo:52:36: note: consider transferring the value with '^'
    return MinMaxResult(resultado, min_col, max_col)
                                   ^
                                          ^
Included from /mnt/c/PROJETOS/BIONIX-ML/src/dados/__init__.mojo:1:
Included from /mnt/c/PROJETOS/BIONIX-ML/src/dados/__init__.mojo:6:
/mnt/c/PROJETOS/BIONIX-ML/src/dados/normalizacao.mojo:52:36: note: you can copy it explicitly with '.copy()'
    return MinMaxResult(resultado, min_col, max_col)
                                   ^
                                          .copy()
Included from /mnt/c/PROJETOS/BIONIX-ML/src/dados/__init__.mojo:1:
Included from /mnt/c/PROJETOS/BIONIX-ML/src/dados/__init__.mojo:6:
/mnt/c/PROJETOS/BIONIX-ML/src/dados/normalizacao.mojo:52:45: warning: 'List' is no longer implicitly copyable, because it is O(n) expensive; this warning will be an error in the next release of Mojo
    return MinMaxResult(resultado, min_col, max_col)
                                            ^~~~~~~
Included from /mnt/c/PROJETOS/BIONIX-ML/src/dados/__init__.mojo:1:
Included from /mnt/c/PROJETOS/BIONIX-ML/src/dados/__init__.mojo:6:
/mnt/c/PROJETOS/BIONIX-ML/src/dados/normalizacao.mojo:52:45: note: consider transferring the value with '^'
    return MinMaxResult(resultado, min_col, max_col)
                                            ^
                                                   ^
Included from /mnt/c/PROJETOS/BIONIX-ML/src/dados/__init__.mojo:1:
Included from /mnt/c/PROJETOS/BIONIX-ML/src/dados/__init__.mojo:6:
/mnt/c/PROJETOS/BIONIX-ML/src/dados/normalizacao.mojo:52:45: note: you can copy it explicitly with '.copy()'
    return MinMaxResult(resultado, min_col, max_col)
                                            ^
                                                   .copy()
Included from /mnt/c/PROJETOS/BIONIX-ML/src/dados/__init__.mojo:1:
Included from /mnt/c/PROJETOS/BIONIX-ML/src/dados/__init__.mojo:6:
/mnt/c/PROJETOS/BIONIX-ML/src/dados/normalizacao.mojo:92:25: warning: 'List' is no longer implicitly copyable, because it is O(n) expensive; this warning will be an error in the next release of Mojo
    return ZScoreResult(resultado, medias, desvios)
                        ^~~~~~~~~
Included from /mnt/c/PROJETOS/BIONIX-ML/src/dados/__init__.mojo:1:
Included from /mnt/c/PROJETOS/BIONIX-ML/src/dados/__init__.mojo:6:
/mnt/c/PROJETOS/BIONIX-ML/src/dados/normalizacao.mojo:92:25: note: consider transferring the value with '^'
    return ZScoreResult(resultado, medias, desvios)
                        ^
                                 ^
Included from /mnt/c/PROJETOS/BIONIX-ML/src/dados/__init__.mojo:1:
Included from /mnt/c/PROJETOS/BIONIX-ML/src/dados/__init__.mojo:6:
/mnt/c/PROJETOS/BIONIX-ML/src/dados/normalizacao.mojo:92:25: note: you can copy it explicitly with '.copy()'
    return ZScoreResult(resultado, medias, desvios)
                        ^
                                 .copy()
Included from /mnt/c/PROJETOS/BIONIX-ML/src/dados/__init__.mojo:1:
Included from /mnt/c/PROJETOS/BIONIX-ML/src/dados/__init__.mojo:6:
/mnt/c/PROJETOS/BIONIX-ML/src/dados/normalizacao.mojo:92:36: warning: 'List' is no longer implicitly copyable, because it is O(n) expensive; this warning will be an error in the next release of Mojo
    return ZScoreResult(resultado, medias, desvios)
                                   ^~~~~~
Included from /mnt/c/PROJETOS/BIONIX-ML/src/dados/__init__.mojo:1:
Included from /mnt/c/PROJETOS/BIONIX-ML/src/dados/__init__.mojo:6:
/mnt/c/PROJETOS/BIONIX-ML/src/dados/normalizacao.mojo:92:36: note: consider transferring the value with '^'
    return ZScoreResult(resultado, medias, desvios)
                                   ^
                                         ^
Included from /mnt/c/PROJETOS/BIONIX-ML/src/dados/__init__.mojo:1:
Included from /mnt/c/PROJETOS/BIONIX-ML/src/dados/__init__.mojo:6:
/mnt/c/PROJETOS/BIONIX-ML/src/dados/normalizacao.mojo:92:36: note: you can copy it explicitly with '.copy()'
    return ZScoreResult(resultado, medias, desvios)
                                   ^
                                         .copy()
Included from /mnt/c/PROJETOS/BIONIX-ML/src/dados/__init__.mojo:1:
Included from /mnt/c/PROJETOS/BIONIX-ML/src/dados/__init__.mojo:6:
/mnt/c/PROJETOS/BIONIX-ML/src/dados/normalizacao.mojo:92:44: warning: 'List' is no longer implicitly copyable, because it is O(n) expensive; this warning will be an error in the next release of Mojo
    return ZScoreResult(resultado, medias, desvios)
                                           ^~~~~~~
Included from /mnt/c/PROJETOS/BIONIX-ML/src/dados/__init__.mojo:1:
Included from /mnt/c/PROJETOS/BIONIX-ML/src/dados/__init__.mojo:6:
/mnt/c/PROJETOS/BIONIX-ML/src/dados/normalizacao.mojo:92:44: note: consider transferring the value with '^'
    return ZScoreResult(resultado, medias, desvios)
                                           ^
                                                  ^
Included from /mnt/c/PROJETOS/BIONIX-ML/src/dados/__init__.mojo:1:
Included from /mnt/c/PROJETOS/BIONIX-ML/src/dados/__init__.mojo:6:
/mnt/c/PROJETOS/BIONIX-ML/src/dados/normalizacao.mojo:92:44: note: you can copy it explicitly with '.copy()'
    return ZScoreResult(resultado, medias, desvios)
                                           ^
                                                  .copy()
Included from /mnt/c/PROJETOS/BIONIX-ML/src/dados/__init__.mojo:1:
Included from /mnt/c/PROJETOS/BIONIX-ML/src/dados/__init__.mojo:5:
/mnt/c/PROJETOS/BIONIX-ML/src/dados/bmp.mojo:101:31: warning: 'List' is no longer implicitly copyable, because it is O(n) expensive; this warning will be an error in the next release of Mojo
    return _validar_bmp_bytes(b, True)
                              ^
Included from /mnt/c/PROJETOS/BIONIX-ML/src/dados/__init__.mojo:1:
Included from /mnt/c/PROJETOS/BIONIX-ML/src/dados/__init__.mojo:5:
/mnt/c/PROJETOS/BIONIX-ML/src/dados/bmp.mojo:101:31: note: consider transferring the value with '^'
    return _validar_bmp_bytes(b, True)
                              ^
                               ^
Included from /mnt/c/PROJETOS/BIONIX-ML/src/dados/__init__.mojo:1:
Included from /mnt/c/PROJETOS/BIONIX-ML/src/dados/__init__.mojo:5:
/mnt/c/PROJETOS/BIONIX-ML/src/dados/bmp.mojo:101:31: note: you can copy it explicitly with '.copy()'
    return _validar_bmp_bytes(b, True)
                              ^
                               .copy()
Included from /mnt/c/PROJETOS/BIONIX-ML/src/dados/__init__.mojo:1:
Included from /mnt/c/PROJETOS/BIONIX-ML/src/dados/__init__.mojo:5:
/mnt/c/PROJETOS/BIONIX-ML/src/dados/bmp.mojo:105:31: warning: 'List' is no longer implicitly copyable, because it is O(n) expensive; this warning will be an error in the next release of Mojo
    if not _validar_bmp_bytes(b, False):
                              ^
Included from /mnt/c/PROJETOS/BIONIX-ML/src/dados/__init__.mojo:1:
Included from /mnt/c/PROJETOS/BIONIX-ML/src/dados/__init__.mojo:5:
/mnt/c/PROJETOS/BIONIX-ML/src/dados/bmp.mojo:105:31: note: consider transferring the value with '^'
    if not _validar_bmp_bytes(b, False):
                              ^
                               ^
Included from /mnt/c/PROJETOS/BIONIX-ML/src/dados/__init__.mojo:1:
Included from /mnt/c/PROJETOS/BIONIX-ML/src/dados/__init__.mojo:5:
/mnt/c/PROJETOS/BIONIX-ML/src/dados/bmp.mojo:105:31: note: you can copy it explicitly with '.copy()'
    if not _validar_bmp_bytes(b, False):
                              ^
                               .copy()
Included from /mnt/c/PROJETOS/BIONIX-ML/src/dados/__init__.mojo:1:
Included from /mnt/c/PROJETOS/BIONIX-ML/src/dados/__init__.mojo:5:
/mnt/c/PROJETOS/BIONIX-ML/src/dados/bmp.mojo:106:64: warning: transfer from an owned value has no effect and can be removed
        return BMPInfo(0, 0, 0, 0, List[List[List[Float32]]]())^
                                                               ^
                                                               
Included from /mnt/c/PROJETOS/BIONIX-ML/src/dados/__init__.mojo:1:
Included from /mnt/c/PROJETOS/BIONIX-ML/src/dados/__init__.mojo:5:
/mnt/c/PROJETOS/BIONIX-ML/src/dados/bmp.mojo:107:50: warning: 'List' is no longer implicitly copyable, because it is O(n) expensive; this warning will be an error in the next release of Mojo
    var pixel_array_offset = _bytes_to_uint32_le(b, 10)
                                                 ^
Included from /mnt/c/PROJETOS/BIONIX-ML/src/dados/__init__.mojo:1:
Included from /mnt/c/PROJETOS/BIONIX-ML/src/dados/__init__.mojo:5:
/mnt/c/PROJETOS/BIONIX-ML/src/dados/bmp.mojo:107:50: note: consider transferring the value with '^'
    var pixel_array_offset = _bytes_to_uint32_le(b, 10)
                                                 ^
                                                  ^
Included from /mnt/c/PROJETOS/BIONIX-ML/src/dados/__init__.mojo:1:
Included from /mnt/c/PROJETOS/BIONIX-ML/src/dados/__init__.mojo:5:
/mnt/c/PROJETOS/BIONIX-ML/src/dados/bmp.mojo:107:50: note: you can copy it explicitly with '.copy()'
    var pixel_array_offset = _bytes_to_uint32_le(b, 10)
                                                 ^
                                                  .copy()
Included from /mnt/c/PROJETOS/BIONIX-ML/src/dados/__init__.mojo:1:
Included from /mnt/c/PROJETOS/BIONIX-ML/src/dados/__init__.mojo:5:
/mnt/c/PROJETOS/BIONIX-ML/src/dados/bmp.mojo:108:36: warning: 'List' is no longer implicitly copyable, because it is O(n) expensive; this warning will be an error in the next release of Mojo
    var width = _bytes_to_int32_le(b, 18)
                                   ^
Included from /mnt/c/PROJETOS/BIONIX-ML/src/dados/__init__.mojo:1:
Included from /mnt/c/PROJETOS/BIONIX-ML/src/dados/__init__.mojo:5:
/mnt/c/PROJETOS/BIONIX-ML/src/dados/bmp.mojo:108:36: note: consider transferring the value with '^'
    var width = _bytes_to_int32_le(b, 18)
                                   ^
                                    ^
Included from /mnt/c/PROJETOS/BIONIX-ML/src/dados/__init__.mojo:1:
Included from /mnt/c/PROJETOS/BIONIX-ML/src/dados/__init__.mojo:5:
/mnt/c/PROJETOS/BIONIX-ML/src/dados/bmp.mojo:108:36: note: you can copy it explicitly with '.copy()'
    var width = _bytes_to_int32_le(b, 18)
                                   ^
                                    .copy()
Included from /mnt/c/PROJETOS/BIONIX-ML/src/dados/__init__.mojo:1:
Included from /mnt/c/PROJETOS/BIONIX-ML/src/dados/__init__.mojo:5:
/mnt/c/PROJETOS/BIONIX-ML/src/dados/bmp.mojo:109:37: warning: 'List' is no longer implicitly copyable, because it is O(n) expensive; this warning will be an error in the next release of Mojo
    var height = _bytes_to_int32_le(b, 22)
                                    ^
Included from /mnt/c/PROJETOS/BIONIX-ML/src/dados/__init__.mojo:1:
Included from /mnt/c/PROJETOS/BIONIX-ML/src/dados/__init__.mojo:5:
/mnt/c/PROJETOS/BIONIX-ML/src/dados/bmp.mojo:109:37: note: consider transferring the value with '^'
    var height = _bytes_to_int32_le(b, 22)
                                    ^
                                     ^
Included from /mnt/c/PROJETOS/BIONIX-ML/src/dados/__init__.mojo:1:
Included from /mnt/c/PROJETOS/BIONIX-ML/src/dados/__init__.mojo:5:
/mnt/c/PROJETOS/BIONIX-ML/src/dados/bmp.mojo:109:37: note: you can copy it explicitly with '.copy()'
    var height = _bytes_to_int32_le(b, 22)
                                    ^
                                     .copy()
Included from /mnt/c/PROJETOS/BIONIX-ML/src/dados/__init__.mojo:1:
Included from /mnt/c/PROJETOS/BIONIX-ML/src/dados/__init__.mojo:5:
/mnt/c/PROJETOS/BIONIX-ML/src/dados/bmp.mojo:110:46: warning: 'List' is no longer implicitly copyable, because it is O(n) expensive; this warning will be an error in the next release of Mojo
    var bits_per_pixel = _bytes_to_uint16_le(b, 28)
                                             ^
Included from /mnt/c/PROJETOS/BIONIX-ML/src/dados/__init__.mojo:1:
Included from /mnt/c/PROJETOS/BIONIX-ML/src/dados/__init__.mojo:5:
/mnt/c/PROJETOS/BIONIX-ML/src/dados/bmp.mojo:110:46: note: consider transferring the value with '^'
    var bits_per_pixel = _bytes_to_uint16_le(b, 28)
                                             ^
                                              ^
Included from /mnt/c/PROJETOS/BIONIX-ML/src/dados/__init__.mojo:1:
Included from /mnt/c/PROJETOS/BIONIX-ML/src/dados/__init__.mojo:5:
/mnt/c/PROJETOS/BIONIX-ML/src/dados/bmp.mojo:110:46: note: you can copy it explicitly with '.copy()'
    var bits_per_pixel = _bytes_to_uint16_le(b, 28)
                                             ^
                                              .copy()
Included from /mnt/c/PROJETOS/BIONIX-ML/src/dados/__init__.mojo:1:
Included from /mnt/c/PROJETOS/BIONIX-ML/src/dados/__init__.mojo:5:
/mnt/c/PROJETOS/BIONIX-ML/src/dados/bmp.mojo:123:64: warning: transfer from an owned value has no effect and can be removed
        return BMPInfo(0, 0, 0, 0, List[List[List[Float32]]]())^
                                                               ^
                                                               
Included from /mnt/c/PROJETOS/BIONIX-ML/src/dados/__init__.mojo:1:
Included from /mnt/c/PROJETOS/BIONIX-ML/src/dados/__init__.mojo:5:
/mnt/c/PROJETOS/BIONIX-ML/src/dados/bmp.mojo:126:64: warning: transfer from an owned value has no effect and can be removed
        return BMPInfo(0, 0, 0, 0, List[List[List[Float32]]]())^
                                                               ^
                                                               
Included from /mnt/c/PROJETOS/BIONIX-ML/src/dados/__init__.mojo:1:
Included from /mnt/c/PROJETOS/BIONIX-ML/src/dados/__init__.mojo:5:
/mnt/c/PROJETOS/BIONIX-ML/src/dados/bmp.mojo:160:24: warning: 'List' is no longer implicitly copyable, because it is O(n) expensive; this warning will be an error in the next release of Mojo
            row.append(pixel)
                       ^~~~~
Included from /mnt/c/PROJETOS/BIONIX-ML/src/dados/__init__.mojo:1:
Included from /mnt/c/PROJETOS/BIONIX-ML/src/dados/__init__.mojo:5:
/mnt/c/PROJETOS/BIONIX-ML/src/dados/bmp.mojo:160:24: note: consider transferring the value with '^'
            row.append(pixel)
                       ^
                            ^
Included from /mnt/c/PROJETOS/BIONIX-ML/src/dados/__init__.mojo:1:
Included from /mnt/c/PROJETOS/BIONIX-ML/src/dados/__init__.mojo:5:
/mnt/c/PROJETOS/BIONIX-ML/src/dados/bmp.mojo:160:24: note: you can copy it explicitly with '.copy()'
            row.append(pixel)
                       ^
                            .copy()
Included from /mnt/c/PROJETOS/BIONIX-ML/src/dados/__init__.mojo:1:
Included from /mnt/c/PROJETOS/BIONIX-ML/src/dados/__init__.mojo:5:
/mnt/c/PROJETOS/BIONIX-ML/src/dados/bmp.mojo:161:23: warning: 'List' is no longer implicitly copyable, because it is O(n) expensive; this warning will be an error in the next release of Mojo
        pixels.append(row)
                      ^~~
Included from /mnt/c/PROJETOS/BIONIX-ML/src/dados/__init__.mojo:1:
Included from /mnt/c/PROJETOS/BIONIX-ML/src/dados/__init__.mojo:5:
/mnt/c/PROJETOS/BIONIX-ML/src/dados/bmp.mojo:161:23: note: consider transferring the value with '^'
        pixels.append(row)
                      ^
                         ^
Included from /mnt/c/PROJETOS/BIONIX-ML/src/dados/__init__.mojo:1:
Included from /mnt/c/PROJETOS/BIONIX-ML/src/dados/__init__.mojo:5:
/mnt/c/PROJETOS/BIONIX-ML/src/dados/bmp.mojo:161:23: note: you can copy it explicitly with '.copy()'
        pixels.append(row)
                      ^
                         .copy()
Included from /mnt/c/PROJETOS/BIONIX-ML/src/dados/__init__.mojo:1:
Included from /mnt/c/PROJETOS/BIONIX-ML/src/dados/__init__.mojo:5:
/mnt/c/PROJETOS/BIONIX-ML/src/dados/bmp.mojo:163:71: warning: 'List' is no longer implicitly copyable, because it is O(n) expensive; this warning will be an error in the next release of Mojo
    return BMPInfo(width, height, bits_per_pixel, pixel_array_offset, pixels)^
                                                                      ^~~~~~
Included from /mnt/c/PROJETOS/BIONIX-ML/src/dados/__init__.mojo:1:
Included from /mnt/c/PROJETOS/BIONIX-ML/src/dados/__init__.mojo:5:
/mnt/c/PROJETOS/BIONIX-ML/src/dados/bmp.mojo:163:71: note: consider transferring the value with '^'
    return BMPInfo(width, height, bits_per_pixel, pixel_array_offset, pixels)^
                                                                      ^
                                                                            ^
Included from /mnt/c/PROJETOS/BIONIX-ML/src/dados/__init__.mojo:1:
Included from /mnt/c/PROJETOS/BIONIX-ML/src/dados/__init__.mojo:5:
/mnt/c/PROJETOS/BIONIX-ML/src/dados/bmp.mojo:163:71: note: you can copy it explicitly with '.copy()'
    return BMPInfo(width, height, bits_per_pixel, pixel_array_offset, pixels)^
                                                                      ^
                                                                            .copy()
Included from /mnt/c/PROJETOS/BIONIX-ML/src/dados/__init__.mojo:1:
Included from /mnt/c/PROJETOS/BIONIX-ML/src/dados/__init__.mojo:5:
/mnt/c/PROJETOS/BIONIX-ML/src/dados/bmp.mojo:163:78: warning: transfer from an owned value has no effect and can be removed
    return BMPInfo(width, height, bits_per_pixel, pixel_array_offset, pixels)^
                                                                             ^
                                                                             
Included from /mnt/c/PROJETOS/BIONIX-ML/src/dados/__init__.mojo:1:
Included from /mnt/c/PROJETOS/BIONIX-ML/src/dados/__init__.mojo:4:
/mnt/c/PROJETOS/BIONIX-ML/src/dados/wav.mojo:142:31: warning: 'List' is no longer implicitly copyable, because it is O(n) expensive; this warning will be an error in the next release of Mojo
    return _validar_wav_bytes(b, True)
                              ^
Included from /mnt/c/PROJETOS/BIONIX-ML/src/dados/__init__.mojo:1:
Included from /mnt/c/PROJETOS/BIONIX-ML/src/dados/__init__.mojo:4:
/mnt/c/PROJETOS/BIONIX-ML/src/dados/wav.mojo:142:31: note: consider transferring the value with '^'
    return _validar_wav_bytes(b, True)
                              ^
                               ^
Included from /mnt/c/PROJETOS/BIONIX-ML/src/dados/__init__.mojo:1:
Included from /mnt/c/PROJETOS/BIONIX-ML/src/dados/__init__.mojo:4:
/mnt/c/PROJETOS/BIONIX-ML/src/dados/wav.mojo:142:31: note: you can copy it explicitly with '.copy()'
    return _validar_wav_bytes(b, True)
                              ^
                               .copy()
Included from /mnt/c/PROJETOS/BIONIX-ML/src/dados/__init__.mojo:1:
Included from /mnt/c/PROJETOS/BIONIX-ML/src/dados/__init__.mojo:4:
/mnt/c/PROJETOS/BIONIX-ML/src/dados/wav.mojo:146:31: warning: 'List' is no longer implicitly copyable, because it is O(n) expensive; this warning will be an error in the next release of Mojo
    if not _validar_wav_bytes(b, False):
                              ^
Included from /mnt/c/PROJETOS/BIONIX-ML/src/dados/__init__.mojo:1:
Included from /mnt/c/PROJETOS/BIONIX-ML/src/dados/__init__.mojo:4:
/mnt/c/PROJETOS/BIONIX-ML/src/dados/wav.mojo:146:31: note: consider transferring the value with '^'
    if not _validar_wav_bytes(b, False):
                              ^
                               ^
Included from /mnt/c/PROJETOS/BIONIX-ML/src/dados/__init__.mojo:1:
Included from /mnt/c/PROJETOS/BIONIX-ML/src/dados/__init__.mojo:4:
/mnt/c/PROJETOS/BIONIX-ML/src/dados/wav.mojo:146:31: note: you can copy it explicitly with '.copy()'
    if not _validar_wav_bytes(b, False):
                              ^
                               .copy()
Included from /mnt/c/PROJETOS/BIONIX-ML/src/dados/__init__.mojo:1:
Included from /mnt/c/PROJETOS/BIONIX-ML/src/dados/__init__.mojo:4:
/mnt/c/PROJETOS/BIONIX-ML/src/dados/wav.mojo:147:59: warning: transfer from an owned value has no effect and can be removed
        return WAVInfo(0, 0, 0, -1, List[List[Float32]]())^
                                                          ^
                                                          
Included from /mnt/c/PROJETOS/BIONIX-ML/src/dados/__init__.mojo:1:
Included from /mnt/c/PROJETOS/BIONIX-ML/src/dados/__init__.mojo:4:
/mnt/c/PROJETOS/BIONIX-ML/src/dados/wav.mojo:158:59: warning: transfer from an owned value has no effect and can be removed
        return WAVInfo(0, 0, 0, -1, List[List[Float32]]())^
                                                          ^
                                                          
Included from /mnt/c/PROJETOS/BIONIX-ML/src/dados/__init__.mojo:1:
Included from /mnt/c/PROJETOS/BIONIX-ML/src/dados/__init__.mojo:4:
/mnt/c/PROJETOS/BIONIX-ML/src/dados/wav.mojo:170:46: warning: 'List' is no longer implicitly copyable, because it is O(n) expensive; this warning will be an error in the next release of Mojo
        var chunk_size = _bytes_to_uint32_le(b, offset+4)
                                             ^
Included from /mnt/c/PROJETOS/BIONIX-ML/src/dados/__init__.mojo:1:
Included from /mnt/c/PROJETOS/BIONIX-ML/src/dados/__init__.mojo:4:
/mnt/c/PROJETOS/BIONIX-ML/src/dados/wav.mojo:170:46: note: consider transferring the value with '^'
        var chunk_size = _bytes_to_uint32_le(b, offset+4)
                                             ^
                                              ^
Included from /mnt/c/PROJETOS/BIONIX-ML/src/dados/__init__.mojo:1:
Included from /mnt/c/PROJETOS/BIONIX-ML/src/dados/__init__.mojo:4:
/mnt/c/PROJETOS/BIONIX-ML/src/dados/wav.mojo:170:46: note: you can copy it explicitly with '.copy()'
        var chunk_size = _bytes_to_uint32_le(b, offset+4)
                                             ^
                                              .copy()
Included from /mnt/c/PROJETOS/BIONIX-ML/src/dados/__init__.mojo:1:
Included from /mnt/c/PROJETOS/BIONIX-ML/src/dados/__init__.mojo:4:
/mnt/c/PROJETOS/BIONIX-ML/src/dados/wav.mojo:180:52: warning: 'List' is no longer implicitly copyable, because it is O(n) expensive; this warning will be an error in the next release of Mojo
                num_channels = _bytes_to_uint16_le(b, offset+10)
                                                   ^
Included from /mnt/c/PROJETOS/BIONIX-ML/src/dados/__init__.mojo:1:
Included from /mnt/c/PROJETOS/BIONIX-ML/src/dados/__init__.mojo:4:
/mnt/c/PROJETOS/BIONIX-ML/src/dados/wav.mojo:180:52: note: consider transferring the value with '^'
                num_channels = _bytes_to_uint16_le(b, offset+10)
                                                   ^
                                                    ^
Included from /mnt/c/PROJETOS/BIONIX-ML/src/dados/__init__.mojo:1:
Included from /mnt/c/PROJETOS/BIONIX-ML/src/dados/__init__.mojo:4:
/mnt/c/PROJETOS/BIONIX-ML/src/dados/wav.mojo:180:52: note: you can copy it explicitly with '.copy()'
                num_channels = _bytes_to_uint16_le(b, offset+10)
                                                   ^
                                                    .copy()
Included from /mnt/c/PROJETOS/BIONIX-ML/src/dados/__init__.mojo:1:
Included from /mnt/c/PROJETOS/BIONIX-ML/src/dados/__init__.mojo:4:
/mnt/c/PROJETOS/BIONIX-ML/src/dados/wav.mojo:181:51: warning: 'List' is no longer implicitly copyable, because it is O(n) expensive; this warning will be an error in the next release of Mojo
                sample_rate = _bytes_to_uint32_le(b, offset+12)
                                                  ^
Included from /mnt/c/PROJETOS/BIONIX-ML/src/dados/__init__.mojo:1:
Included from /mnt/c/PROJETOS/BIONIX-ML/src/dados/__init__.mojo:4:
/mnt/c/PROJETOS/BIONIX-ML/src/dados/wav.mojo:181:51: note: consider transferring the value with '^'
                sample_rate = _bytes_to_uint32_le(b, offset+12)
                                                  ^
                                                   ^
Included from /mnt/c/PROJETOS/BIONIX-ML/src/dados/__init__.mojo:1:
Included from /mnt/c/PROJETOS/BIONIX-ML/src/dados/__init__.mojo:4:
/mnt/c/PROJETOS/BIONIX-ML/src/dados/wav.mojo:181:51: note: you can copy it explicitly with '.copy()'
                sample_rate = _bytes_to_uint32_le(b, offset+12)
                                                  ^
                                                   .copy()
Included from /mnt/c/PROJETOS/BIONIX-ML/src/dados/__init__.mojo:1:
Included from /mnt/c/PROJETOS/BIONIX-ML/src/dados/__init__.mojo:4:
/mnt/c/PROJETOS/BIONIX-ML/src/dados/wav.mojo:182:55: warning: 'List' is no longer implicitly copyable, because it is O(n) expensive; this warning will be an error in the next release of Mojo
                bits_per_sample = _bytes_to_uint16_le(b, offset+22)
                                                      ^
Included from /mnt/c/PROJETOS/BIONIX-ML/src/dados/__init__.mojo:1:
Included from /mnt/c/PROJETOS/BIONIX-ML/src/dados/__init__.mojo:4:
/mnt/c/PROJETOS/BIONIX-ML/src/dados/wav.mojo:182:55: note: consider transferring the value with '^'
                bits_per_sample = _bytes_to_uint16_le(b, offset+22)
                                                      ^
                                                       ^
Included from /mnt/c/PROJETOS/BIONIX-ML/src/dados/__init__.mojo:1:
Included from /mnt/c/PROJETOS/BIONIX-ML/src/dados/__init__.mojo:4:
/mnt/c/PROJETOS/BIONIX-ML/src/dados/wav.mojo:182:55: note: you can copy it explicitly with '.copy()'
                bits_per_sample = _bytes_to_uint16_le(b, offset+22)
                                                      ^
                                                       .copy()
Included from /mnt/c/PROJETOS/BIONIX-ML/src/dados/__init__.mojo:1:
Included from /mnt/c/PROJETOS/BIONIX-ML/src/dados/__init__.mojo:4:
/mnt/c/PROJETOS/BIONIX-ML/src/dados/wav.mojo:196:63: warning: transfer from an owned value has no effect and can be removed
            return WAVInfo(0, 0, 0, -1, List[List[Float32]]())^
                                                              ^
                                                              
Included from /mnt/c/PROJETOS/BIONIX-ML/src/dados/__init__.mojo:1:
Included from /mnt/c/PROJETOS/BIONIX-ML/src/dados/__init__.mojo:4:
/mnt/c/PROJETOS/BIONIX-ML/src/dados/wav.mojo:208:59: warning: transfer from an owned value has no effect and can be removed
        return WAVInfo(0, 0, 0, -1, List[List[Float32]]())^
                                                          ^
                                                          
Included from /mnt/c/PROJETOS/BIONIX-ML/src/dados/__init__.mojo:1:
Included from /mnt/c/PROJETOS/BIONIX-ML/src/dados/__init__.mojo:4:
/mnt/c/PROJETOS/BIONIX-ML/src/dados/wav.mojo:210:59: warning: transfer from an owned value has no effect and can be removed
        return WAVInfo(0, 0, 0, -1, List[List[Float32]]())^
                                                          ^
                                                          
Included from /mnt/c/PROJETOS/BIONIX-ML/src/dados/__init__.mojo:1:
Included from /mnt/c/PROJETOS/BIONIX-ML/src/dados/__init__.mojo:4:
/mnt/c/PROJETOS/BIONIX-ML/src/dados/wav.mojo:240:46: warning: 'List' is no longer implicitly copyable, because it is O(n) expensive; this warning will be an error in the next release of Mojo
                var iv = _bytes_to_uint32_le(b, s_offset)
                                             ^
Included from /mnt/c/PROJETOS/BIONIX-ML/src/dados/__init__.mojo:1:
Included from /mnt/c/PROJETOS/BIONIX-ML/src/dados/__init__.mojo:4:
/mnt/c/PROJETOS/BIONIX-ML/src/dados/wav.mojo:240:46: note: consider transferring the value with '^'
                var iv = _bytes_to_uint32_le(b, s_offset)
                                             ^
                                              ^
Included from /mnt/c/PROJETOS/BIONIX-ML/src/dados/__init__.mojo:1:
Included from /mnt/c/PROJETOS/BIONIX-ML/src/dados/__init__.mojo:4:
/mnt/c/PROJETOS/BIONIX-ML/src/dados/wav.mojo:240:46: note: you can copy it explicitly with '.copy()'
                var iv = _bytes_to_uint32_le(b, s_offset)
                                             ^
                                              .copy()
Included from /mnt/c/PROJETOS/BIONIX-ML/src/dados/__init__.mojo:1:
Included from /mnt/c/PROJETOS/BIONIX-ML/src/dados/__init__.mojo:4:
/mnt/c/PROJETOS/BIONIX-ML/src/dados/wav.mojo:245:67: warning: transfer from an owned value has no effect and can be removed
                return WAVInfo(0, 0, 0, -1, List[List[Float32]]())^
                                                                  ^
                                                                  
Included from /mnt/c/PROJETOS/BIONIX-ML/src/dados/__init__.mojo:1:
Included from /mnt/c/PROJETOS/BIONIX-ML/src/dados/__init__.mojo:4:
/mnt/c/PROJETOS/BIONIX-ML/src/dados/wav.mojo:247:24: warning: 'List' is no longer implicitly copyable, because it is O(n) expensive; this warning will be an error in the next release of Mojo
        samples.append(frame)
                       ^~~~~
Included from /mnt/c/PROJETOS/BIONIX-ML/src/dados/__init__.mojo:1:
Included from /mnt/c/PROJETOS/BIONIX-ML/src/dados/__init__.mojo:4:
/mnt/c/PROJETOS/BIONIX-ML/src/dados/wav.mojo:247:24: note: consider transferring the value with '^'
        samples.append(frame)
                       ^
                            ^
Included from /mnt/c/PROJETOS/BIONIX-ML/src/dados/__init__.mojo:1:
Included from /mnt/c/PROJETOS/BIONIX-ML/src/dados/__init__.mojo:4:
/mnt/c/PROJETOS/BIONIX-ML/src/dados/wav.mojo:247:24: note: you can copy it explicitly with '.copy()'
        samples.append(frame)
                       ^
                            .copy()
Included from /mnt/c/PROJETOS/BIONIX-ML/src/dados/__init__.mojo:1:
Included from /mnt/c/PROJETOS/BIONIX-ML/src/dados/__init__.mojo:4:
/mnt/c/PROJETOS/BIONIX-ML/src/dados/wav.mojo:249:77: warning: 'List' is no longer implicitly copyable, because it is O(n) expensive; this warning will be an error in the next release of Mojo
    return WAVInfo(sample_rate, num_channels, bits_per_sample, data_offset, samples)^
                                                                            ^~~~~~~
Included from /mnt/c/PROJETOS/BIONIX-ML/src/dados/__init__.mojo:1:
Included from /mnt/c/PROJETOS/BIONIX-ML/src/dados/__init__.mojo:4:
/mnt/c/PROJETOS/BIONIX-ML/src/dados/wav.mojo:249:77: note: consider transferring the value with '^'
    return WAVInfo(sample_rate, num_channels, bits_per_sample, data_offset, samples)^
                                                                            ^
                                                                                   ^
Included from /mnt/c/PROJETOS/BIONIX-ML/src/dados/__init__.mojo:1:
Included from /mnt/c/PROJETOS/BIONIX-ML/src/dados/__init__.mojo:4:
/mnt/c/PROJETOS/BIONIX-ML/src/dados/wav.mojo:249:77: note: you can copy it explicitly with '.copy()'
    return WAVInfo(sample_rate, num_channels, bits_per_sample, data_offset, samples)^
                                                                            ^
                                                                                   .copy()
Included from /mnt/c/PROJETOS/BIONIX-ML/src/dados/__init__.mojo:1:
Included from /mnt/c/PROJETOS/BIONIX-ML/src/dados/__init__.mojo:4:
/mnt/c/PROJETOS/BIONIX-ML/src/dados/wav.mojo:249:85: warning: transfer from an owned value has no effect and can be removed
    return WAVInfo(sample_rate, num_channels, bits_per_sample, data_offset, samples)^
                                                                                    ^
                                                                                    
Included from /mnt/c/PROJETOS/BIONIX-ML/src/dados/__init__.mojo:1:
Included from /mnt/c/PROJETOS/BIONIX-ML/src/dados/__init__.mojo:3:
/mnt/c/PROJETOS/BIONIX-ML/src/dados/arquivo.mojo:18:19: warning: Use `str.codepoints()` or `str.codepoint_slices()` instead.
        for ch in raw:
                  ^~~
/mnt/c/PROJETOS/BIONIX-ML/exemplos/principal.mojo:1:1: note: '__iter__' declared here
import exemplos.e000001_exemplo.exemplo as exemplo
^
Included from /mnt/c/PROJETOS/BIONIX-ML/src/dados/__init__.mojo:1:
Included from /mnt/c/PROJETOS/BIONIX-ML/src/dados/__init__.mojo:3:
/mnt/c/PROJETOS/BIONIX-ML/src/dados/arquivo.mojo:30:23: warning: Use `str.codepoints()` or `str.codepoint_slices()` instead.
            for ch in raw:
                      ^~~
/mnt/c/PROJETOS/BIONIX-ML/exemplos/principal.mojo:1:1: note: '__iter__' declared here
import exemplos.e000001_exemplo.exemplo as exemplo
^
Included from /mnt/c/PROJETOS/BIONIX-ML/src/dados/__init__.mojo:1:
Included from /mnt/c/PROJETOS/BIONIX-ML/src/dados/__init__.mojo:5:
/mnt/c/PROJETOS/BIONIX-ML/src/dados/bmp.mojo:10:34: warning: 'List' is no longer implicitly copyable, because it is O(n) expensive; this warning will be an error in the next release of Mojo
    var uv = _bytes_to_uint32_le(b, offset)
                                 ^
Included from /mnt/c/PROJETOS/BIONIX-ML/src/dados/__init__.mojo:1:
Included from /mnt/c/PROJETOS/BIONIX-ML/src/dados/__init__.mojo:5:
/mnt/c/PROJETOS/BIONIX-ML/src/dados/bmp.mojo:10:34: note: consider transferring the value with '^'
    var uv = _bytes_to_uint32_le(b, offset)
                                 ^
                                  ^
Included from /mnt/c/PROJETOS/BIONIX-ML/src/dados/__init__.mojo:1:
Included from /mnt/c/PROJETOS/BIONIX-ML/src/dados/__init__.mojo:5:
/mnt/c/PROJETOS/BIONIX-ML/src/dados/bmp.mojo:10:34: note: you can copy it explicitly with '.copy()'
    var uv = _bytes_to_uint32_le(b, offset)
                                 ^
                                  .copy()
Included from /mnt/c/PROJETOS/BIONIX-ML/src/dados/__init__.mojo:1:
Included from /mnt/c/PROJETOS/BIONIX-ML/src/dados/__init__.mojo:5:
/mnt/c/PROJETOS/BIONIX-ML/src/dados/bmp.mojo:42:50: warning: 'List' is no longer implicitly copyable, because it is O(n) expensive; this warning will be an error in the next release of Mojo
    var pixel_array_offset = _bytes_to_uint32_le(b, 10)
                                                 ^
Included from /mnt/c/PROJETOS/BIONIX-ML/src/dados/__init__.mojo:1:
Included from /mnt/c/PROJETOS/BIONIX-ML/src/dados/__init__.mojo:5:
/mnt/c/PROJETOS/BIONIX-ML/src/dados/bmp.mojo:42:50: note: consider transferring the value with '^'
    var pixel_array_offset = _bytes_to_uint32_le(b, 10)
                                                 ^
                                                  ^
Included from /mnt/c/PROJETOS/BIONIX-ML/src/dados/__init__.mojo:1:
Included from /mnt/c/PROJETOS/BIONIX-ML/src/dados/__init__.mojo:5:
/mnt/c/PROJETOS/BIONIX-ML/src/dados/bmp.mojo:42:50: note: you can copy it explicitly with '.copy()'
    var pixel_array_offset = _bytes_to_uint32_le(b, 10)
                                                 ^
                                                  .copy()
Included from /mnt/c/PROJETOS/BIONIX-ML/src/dados/__init__.mojo:1:
Included from /mnt/c/PROJETOS/BIONIX-ML/src/dados/__init__.mojo:5:
/mnt/c/PROJETOS/BIONIX-ML/src/dados/bmp.mojo:43:47: warning: 'List' is no longer implicitly copyable, because it is O(n) expensive; this warning will be an error in the next release of Mojo
    var dib_header_size = _bytes_to_uint32_le(b, 14)
                                              ^
Included from /mnt/c/PROJETOS/BIONIX-ML/src/dados/__init__.mojo:1:
Included from /mnt/c/PROJETOS/BIONIX-ML/src/dados/__init__.mojo:5:
/mnt/c/PROJETOS/BIONIX-ML/src/dados/bmp.mojo:43:47: note: consider transferring the value with '^'
    var dib_header_size = _bytes_to_uint32_le(b, 14)
                                              ^
                                               ^
Included from /mnt/c/PROJETOS/BIONIX-ML/src/dados/__init__.mojo:1:
Included from /mnt/c/PROJETOS/BIONIX-ML/src/dados/__init__.mojo:5:
/mnt/c/PROJETOS/BIONIX-ML/src/dados/bmp.mojo:43:47: note: you can copy it explicitly with '.copy()'
    var dib_header_size = _bytes_to_uint32_le(b, 14)
                                              ^
                                               .copy()
Included from /mnt/c/PROJETOS/BIONIX-ML/src/dados/__init__.mojo:1:
Included from /mnt/c/PROJETOS/BIONIX-ML/src/dados/__init__.mojo:5:
/mnt/c/PROJETOS/BIONIX-ML/src/dados/bmp.mojo:44:36: warning: 'List' is no longer implicitly copyable, because it is O(n) expensive; this warning will be an error in the next release of Mojo
    var width = _bytes_to_int32_le(b, 18)
                                   ^
Included from /mnt/c/PROJETOS/BIONIX-ML/src/dados/__init__.mojo:1:
Included from /mnt/c/PROJETOS/BIONIX-ML/src/dados/__init__.mojo:5:
/mnt/c/PROJETOS/BIONIX-ML/src/dados/bmp.mojo:44:36: note: consider transferring the value with '^'
    var width = _bytes_to_int32_le(b, 18)
                                   ^
                                    ^
Included from /mnt/c/PROJETOS/BIONIX-ML/src/dados/__init__.mojo:1:
Included from /mnt/c/PROJETOS/BIONIX-ML/src/dados/__init__.mojo:5:
/mnt/c/PROJETOS/BIONIX-ML/src/dados/bmp.mojo:44:36: note: you can copy it explicitly with '.copy()'
    var width = _bytes_to_int32_le(b, 18)
                                   ^
                                    .copy()
Included from /mnt/c/PROJETOS/BIONIX-ML/src/dados/__init__.mojo:1:
Included from /mnt/c/PROJETOS/BIONIX-ML/src/dados/__init__.mojo:5:
/mnt/c/PROJETOS/BIONIX-ML/src/dados/bmp.mojo:45:37: warning: 'List' is no longer implicitly copyable, because it is O(n) expensive; this warning will be an error in the next release of Mojo
    var height = _bytes_to_int32_le(b, 22)
                                    ^
Included from /mnt/c/PROJETOS/BIONIX-ML/src/dados/__init__.mojo:1:
Included from /mnt/c/PROJETOS/BIONIX-ML/src/dados/__init__.mojo:5:
/mnt/c/PROJETOS/BIONIX-ML/src/dados/bmp.mojo:45:37: note: consider transferring the value with '^'
    var height = _bytes_to_int32_le(b, 22)
                                    ^
                                     ^
Included from /mnt/c/PROJETOS/BIONIX-ML/src/dados/__init__.mojo:1:
Included from /mnt/c/PROJETOS/BIONIX-ML/src/dados/__init__.mojo:5:
/mnt/c/PROJETOS/BIONIX-ML/src/dados/bmp.mojo:45:37: note: you can copy it explicitly with '.copy()'
    var height = _bytes_to_int32_le(b, 22)
                                    ^
                                     .copy()
Included from /mnt/c/PROJETOS/BIONIX-ML/src/dados/__init__.mojo:1:
Included from /mnt/c/PROJETOS/BIONIX-ML/src/dados/__init__.mojo:5:
/mnt/c/PROJETOS/BIONIX-ML/src/dados/bmp.mojo:46:46: warning: 'List' is no longer implicitly copyable, because it is O(n) expensive; this warning will be an error in the next release of Mojo
    var bits_per_pixel = _bytes_to_uint16_le(b, 28)
                                             ^
Included from /mnt/c/PROJETOS/BIONIX-ML/src/dados/__init__.mojo:1:
Included from /mnt/c/PROJETOS/BIONIX-ML/src/dados/__init__.mojo:5:
/mnt/c/PROJETOS/BIONIX-ML/src/dados/bmp.mojo:46:46: note: consider transferring the value with '^'
    var bits_per_pixel = _bytes_to_uint16_le(b, 28)
                                             ^
                                              ^
Included from /mnt/c/PROJETOS/BIONIX-ML/src/dados/__init__.mojo:1:
Included from /mnt/c/PROJETOS/BIONIX-ML/src/dados/__init__.mojo:5:
/mnt/c/PROJETOS/BIONIX-ML/src/dados/bmp.mojo:46:46: note: you can copy it explicitly with '.copy()'
    var bits_per_pixel = _bytes_to_uint16_le(b, 28)
                                             ^
                                              .copy()
Included from /mnt/c/PROJETOS/BIONIX-ML/src/dados/__init__.mojo:1:
Included from /mnt/c/PROJETOS/BIONIX-ML/src/dados/__init__.mojo:4:
/mnt/c/PROJETOS/BIONIX-ML/src/dados/wav.mojo:61:46: warning: 'List' is no longer implicitly copyable, because it is O(n) expensive; this warning will be an error in the next release of Mojo
        var chunk_size = _bytes_to_uint32_le(b, offset+4)
                                             ^
Included from /mnt/c/PROJETOS/BIONIX-ML/src/dados/__init__.mojo:1:
Included from /mnt/c/PROJETOS/BIONIX-ML/src/dados/__init__.mojo:4:
/mnt/c/PROJETOS/BIONIX-ML/src/dados/wav.mojo:61:46: note: consider transferring the value with '^'
        var chunk_size = _bytes_to_uint32_le(b, offset+4)
                                             ^
                                              ^
Included from /mnt/c/PROJETOS/BIONIX-ML/src/dados/__init__.mojo:1:
Included from /mnt/c/PROJETOS/BIONIX-ML/src/dados/__init__.mojo:4:
/mnt/c/PROJETOS/BIONIX-ML/src/dados/wav.mojo:61:46: note: you can copy it explicitly with '.copy()'
        var chunk_size = _bytes_to_uint32_le(b, offset+4)
                                             ^
                                              .copy()
Included from /mnt/c/PROJETOS/BIONIX-ML/src/dados/__init__.mojo:1:
Included from /mnt/c/PROJETOS/BIONIX-ML/src/dados/__init__.mojo:4:
/mnt/c/PROJETOS/BIONIX-ML/src/dados/wav.mojo:76:52: warning: 'List' is no longer implicitly copyable, because it is O(n) expensive; this warning will be an error in the next release of Mojo
                num_channels = _bytes_to_uint16_le(b, offset+10)
                                                   ^
Included from /mnt/c/PROJETOS/BIONIX-ML/src/dados/__init__.mojo:1:
Included from /mnt/c/PROJETOS/BIONIX-ML/src/dados/__init__.mojo:4:
/mnt/c/PROJETOS/BIONIX-ML/src/dados/wav.mojo:76:52: note: consider transferring the value with '^'
                num_channels = _bytes_to_uint16_le(b, offset+10)
                                                   ^
                                                    ^
Included from /mnt/c/PROJETOS/BIONIX-ML/src/dados/__init__.mojo:1:
Included from /mnt/c/PROJETOS/BIONIX-ML/src/dados/__init__.mojo:4:
/mnt/c/PROJETOS/BIONIX-ML/src/dados/wav.mojo:76:52: note: you can copy it explicitly with '.copy()'
                num_channels = _bytes_to_uint16_le(b, offset+10)
                                                   ^
                                                    .copy()
Included from /mnt/c/PROJETOS/BIONIX-ML/src/dados/__init__.mojo:1:
Included from /mnt/c/PROJETOS/BIONIX-ML/src/dados/__init__.mojo:4:
/mnt/c/PROJETOS/BIONIX-ML/src/dados/wav.mojo:77:51: warning: 'List' is no longer implicitly copyable, because it is O(n) expensive; this warning will be an error in the next release of Mojo
                sample_rate = _bytes_to_uint32_le(b, offset+12)
                                                  ^
Included from /mnt/c/PROJETOS/BIONIX-ML/src/dados/__init__.mojo:1:
Included from /mnt/c/PROJETOS/BIONIX-ML/src/dados/__init__.mojo:4:
/mnt/c/PROJETOS/BIONIX-ML/src/dados/wav.mojo:77:51: note: consider transferring the value with '^'
                sample_rate = _bytes_to_uint32_le(b, offset+12)
                                                  ^
                                                   ^
Included from /mnt/c/PROJETOS/BIONIX-ML/src/dados/__init__.mojo:1:
Included from /mnt/c/PROJETOS/BIONIX-ML/src/dados/__init__.mojo:4:
/mnt/c/PROJETOS/BIONIX-ML/src/dados/wav.mojo:77:51: note: you can copy it explicitly with '.copy()'
                sample_rate = _bytes_to_uint32_le(b, offset+12)
                                                  ^
                                                   .copy()
Included from /mnt/c/PROJETOS/BIONIX-ML/src/dados/__init__.mojo:1:
Included from /mnt/c/PROJETOS/BIONIX-ML/src/dados/__init__.mojo:4:
/mnt/c/PROJETOS/BIONIX-ML/src/dados/wav.mojo:78:55: warning: 'List' is no longer implicitly copyable, because it is O(n) expensive; this warning will be an error in the next release of Mojo
                bits_per_sample = _bytes_to_uint16_le(b, offset+22)
                                                      ^
Included from /mnt/c/PROJETOS/BIONIX-ML/src/dados/__init__.mojo:1:
Included from /mnt/c/PROJETOS/BIONIX-ML/src/dados/__init__.mojo:4:
/mnt/c/PROJETOS/BIONIX-ML/src/dados/wav.mojo:78:55: note: consider transferring the value with '^'
                bits_per_sample = _bytes_to_uint16_le(b, offset+22)
                                                      ^
                                                       ^
Included from /mnt/c/PROJETOS/BIONIX-ML/src/dados/__init__.mojo:1:
Included from /mnt/c/PROJETOS/BIONIX-ML/src/dados/__init__.mojo:4:
/mnt/c/PROJETOS/BIONIX-ML/src/dados/wav.mojo:78:55: note: you can copy it explicitly with '.copy()'
                bits_per_sample = _bytes_to_uint16_le(b, offset+22)
                                                      ^
                                                       .copy()
Included from /mnt/c/PROJETOS/BIONIX-ML/exemplos/principal.mojo:1:
Included from /mnt/c/PROJETOS/BIONIX-ML/exemplos/e000001_exemplo/exemplo.mojo:2:
/mnt/c/PROJETOS/BIONIX-ML/src/dados/print_helpers.mojo:29:28: warning: assignment to 'linha_prefix' was never used; assign to '_' instead?
        var linha_prefix = "  "
                           ^
Included from /mnt/c/PROJETOS/BIONIX-ML/src/dados/__init__.mojo:1:
Included from /mnt/c/PROJETOS/BIONIX-ML/src/dados/__init__.mojo:5:
/mnt/c/PROJETOS/BIONIX-ML/src/dados/bmp.mojo:148:23: warning: assignment to 'b3' was never used; assign to '_' instead?
                b3 = b[off + 3]
                      ^
Included from /mnt/c/PROJETOS/BIONIX-ML/src/dados/__init__.mojo:1:
Included from /mnt/c/PROJETOS/BIONIX-ML/src/dados/__init__.mojo:5:
/mnt/c/PROJETOS/BIONIX-ML/src/dados/bmp.mojo:142:22: warning: assignment to 'b3' was never used; assign to '_' instead?
            var b3 = 255
                     ^
Included from /mnt/c/PROJETOS/BIONIX-ML/src/dados/__init__.mojo:1:
Included from /mnt/c/PROJETOS/BIONIX-ML/src/dados/__init__.mojo:4:
/mnt/c/PROJETOS/BIONIX-ML/src/dados/wav.mojo:220:36: warning: assignment to 'value_f' was never used; assign to '_' instead?
            var value_f: Float32 = 0.0
                                   ^

============================================================
EXECUTANDO EXEMPLOS DO BIONIX
============================================================

[1/1] Exemplo 1: Testes do Núcleo (exemplo)...
--- Exemplo e000001: leitura e normalização de dados ---
Fonte CSV: arquivo: exemplos/e000001_exemplo/dados.csv
Cabeçalho detectado:
   x
   y
Linhas (raw):
   1.0 2.0 
   2.0 4.1 
   3.0 6.0 
   4.0 8.1 
   5.0 10.2 
   x y 
   1.0 2.0 
   2.0 4.1 
   3.0 6.0 
   4.0 8.1 
   5.0 10.2 
Matriz numérica (primeiras linhas):
1.0
2.0
3.0
4.0
5.0
1.0
2.0
3.0
4.0
5.0


Min-Max: valores normalizados (primeiras linhas):
0.0
0.25
0.5
0.75
1.0
0.0
0.25
0.5
0.75
1.0
Min por coluna:
   1.0
Max por coluna:
   5.0


Z-Score: valores normalizados (primeiras linhas):
-1.4142135
-0.70710677
0.0
0.70710677
1.4142135
-1.4142135
-0.70710677
0.0
0.70710677
1.4142135
Médias por coluna:
   3.0
Desvios por coluna:
   1.4142135

Exemplo de processamento de imagem:
[diag.bmp] arquivo= exemplos/e000001_exemplo/dados.bmp  bytes= 10782
[diag.bmp] válido: w= 64  h= 64  bpp= 24  off= 54  rows_disponiveis= 55 / 64
Arquivo BMP encontrado: exemplos/e000001_exemplo/dados.bmp w= 64 h= 55 bpp= 24
BMP validado e lido; usando matriz segura para normalização do exemplo
Imagem normalizada (Min-Max):
0.0
1.0

Exemplo de processamento de áudio:
[diag.wav] arquivo= exemplos/e000001_exemplo/dados.wav  bytes= 97268
[diag.wav] inválido: chunk excede tamanho do arquivo
Arquivo WAV não encontrado ou inválido — usando áudio simulado
Áudio normalizado (Z-Score):
0.37139064
-0.37139064

--- Fim do exemplo e000001 ---

--- Exemplo do núcleo Bionix (operações tensoriais) ---
resultado da soma no exemplo:
   1.5
   3.5
   2.0
   6.0
--- Fim do exemplo ---

============================================================
CONCLUÍDO: EXEMPLOS
============================================================

