Included from /mnt/c/PROJETOS/BIONIX-ML/src/conjuntos/__init__.mojo:1:
Included from /mnt/c/PROJETOS/BIONIX-ML/src/conjuntos/__init__.mojo:2:
/mnt/c/PROJETOS/BIONIX-ML/src/conjuntos/bitmap_supervisionado.mojo:136:6: warning: transfer from an owned value has no effect and can be removed
    )^
     ^
     
Included from /mnt/c/PROJETOS/BIONIX-ML/src/dados/__init__.mojo:1:
Included from /mnt/c/PROJETOS/BIONIX-ML/src/dados/__init__.mojo:5:
/mnt/c/PROJETOS/BIONIX-ML/src/dados/bmp.mojo:194:31: warning: 'List' is no longer implicitly copyable, because it is O(n) expensive; this warning will be an error in the next release of Mojo
    if not _validar_bmp_bytes(b, False):
                              ^
Included from /mnt/c/PROJETOS/BIONIX-ML/src/dados/__init__.mojo:1:
Included from /mnt/c/PROJETOS/BIONIX-ML/src/dados/__init__.mojo:5:
/mnt/c/PROJETOS/BIONIX-ML/src/dados/bmp.mojo:194:31: note: consider transferring the value with '^'
    if not _validar_bmp_bytes(b, False):
                              ^
                               ^
Included from /mnt/c/PROJETOS/BIONIX-ML/src/dados/__init__.mojo:1:
Included from /mnt/c/PROJETOS/BIONIX-ML/src/dados/__init__.mojo:5:
/mnt/c/PROJETOS/BIONIX-ML/src/dados/bmp.mojo:194:31: note: you can copy it explicitly with '.copy()'
    if not _validar_bmp_bytes(b, False):
                              ^
                               .copy()
Included from /mnt/c/PROJETOS/BIONIX-ML/src/dados/__init__.mojo:1:
Included from /mnt/c/PROJETOS/BIONIX-ML/src/dados/__init__.mojo:5:
/mnt/c/PROJETOS/BIONIX-ML/src/dados/bmp.mojo:197:50: warning: 'List' is no longer implicitly copyable, because it is O(n) expensive; this warning will be an error in the next release of Mojo
    var pixel_array_offset = _bytes_to_uint32_le(b, 10)
                                                 ^
Included from /mnt/c/PROJETOS/BIONIX-ML/src/dados/__init__.mojo:1:
Included from /mnt/c/PROJETOS/BIONIX-ML/src/dados/__init__.mojo:5:
/mnt/c/PROJETOS/BIONIX-ML/src/dados/bmp.mojo:197:50: note: consider transferring the value with '^'
    var pixel_array_offset = _bytes_to_uint32_le(b, 10)
                                                 ^
                                                  ^
Included from /mnt/c/PROJETOS/BIONIX-ML/src/dados/__init__.mojo:1:
Included from /mnt/c/PROJETOS/BIONIX-ML/src/dados/__init__.mojo:5:
/mnt/c/PROJETOS/BIONIX-ML/src/dados/bmp.mojo:197:50: note: you can copy it explicitly with '.copy()'
    var pixel_array_offset = _bytes_to_uint32_le(b, 10)
                                                 ^
                                                  .copy()
Included from /mnt/c/PROJETOS/BIONIX-ML/src/dados/__init__.mojo:1:
Included from /mnt/c/PROJETOS/BIONIX-ML/src/dados/__init__.mojo:5:
/mnt/c/PROJETOS/BIONIX-ML/src/dados/bmp.mojo:198:36: warning: 'List' is no longer implicitly copyable, because it is O(n) expensive; this warning will be an error in the next release of Mojo
    var width = _bytes_to_int32_le(b, 18)
                                   ^
Included from /mnt/c/PROJETOS/BIONIX-ML/src/dados/__init__.mojo:1:
Included from /mnt/c/PROJETOS/BIONIX-ML/src/dados/__init__.mojo:5:
/mnt/c/PROJETOS/BIONIX-ML/src/dados/bmp.mojo:198:36: note: consider transferring the value with '^'
    var width = _bytes_to_int32_le(b, 18)
                                   ^
                                    ^
Included from /mnt/c/PROJETOS/BIONIX-ML/src/dados/__init__.mojo:1:
Included from /mnt/c/PROJETOS/BIONIX-ML/src/dados/__init__.mojo:5:
/mnt/c/PROJETOS/BIONIX-ML/src/dados/bmp.mojo:198:36: note: you can copy it explicitly with '.copy()'
    var width = _bytes_to_int32_le(b, 18)
                                   ^
                                    .copy()
Included from /mnt/c/PROJETOS/BIONIX-ML/src/dados/__init__.mojo:1:
Included from /mnt/c/PROJETOS/BIONIX-ML/src/dados/__init__.mojo:5:
/mnt/c/PROJETOS/BIONIX-ML/src/dados/bmp.mojo:199:37: warning: 'List' is no longer implicitly copyable, because it is O(n) expensive; this warning will be an error in the next release of Mojo
    var height = _bytes_to_int32_le(b, 22)
                                    ^
Included from /mnt/c/PROJETOS/BIONIX-ML/src/dados/__init__.mojo:1:
Included from /mnt/c/PROJETOS/BIONIX-ML/src/dados/__init__.mojo:5:
/mnt/c/PROJETOS/BIONIX-ML/src/dados/bmp.mojo:199:37: note: consider transferring the value with '^'
    var height = _bytes_to_int32_le(b, 22)
                                    ^
                                     ^
Included from /mnt/c/PROJETOS/BIONIX-ML/src/dados/__init__.mojo:1:
Included from /mnt/c/PROJETOS/BIONIX-ML/src/dados/__init__.mojo:5:
/mnt/c/PROJETOS/BIONIX-ML/src/dados/bmp.mojo:199:37: note: you can copy it explicitly with '.copy()'
    var height = _bytes_to_int32_le(b, 22)
                                    ^
                                     .copy()
Included from /mnt/c/PROJETOS/BIONIX-ML/src/dados/__init__.mojo:1:
Included from /mnt/c/PROJETOS/BIONIX-ML/src/dados/__init__.mojo:5:
/mnt/c/PROJETOS/BIONIX-ML/src/dados/bmp.mojo:200:46: warning: 'List' is no longer implicitly copyable, because it is O(n) expensive; this warning will be an error in the next release of Mojo
    var bits_per_pixel = _bytes_to_uint16_le(b, 28)
                                             ^
Included from /mnt/c/PROJETOS/BIONIX-ML/src/dados/__init__.mojo:1:
Included from /mnt/c/PROJETOS/BIONIX-ML/src/dados/__init__.mojo:5:
/mnt/c/PROJETOS/BIONIX-ML/src/dados/bmp.mojo:200:46: note: consider transferring the value with '^'
    var bits_per_pixel = _bytes_to_uint16_le(b, 28)
                                             ^
                                              ^
Included from /mnt/c/PROJETOS/BIONIX-ML/src/dados/__init__.mojo:1:
Included from /mnt/c/PROJETOS/BIONIX-ML/src/dados/__init__.mojo:5:
/mnt/c/PROJETOS/BIONIX-ML/src/dados/bmp.mojo:200:46: note: you can copy it explicitly with '.copy()'
    var bits_per_pixel = _bytes_to_uint16_le(b, 28)
                                             ^
                                              .copy()
Included from /mnt/c/PROJETOS/BIONIX-ML/exemplos/principal.mojo:3:
/mnt/c/PROJETOS/BIONIX-ML/exemplos/e000003_espirais_intercaladas/exemplo.mojo:20:60: warning: 'List' is no longer implicitly copyable, because it is O(n) expensive; this warning will be an error in the next release of Mojo
    var ok = dados_pkg.gravar_arquivo_binario(caminho_bmp, bytes_bmp)
                                                           ^~~~~~~~~
Included from /mnt/c/PROJETOS/BIONIX-ML/exemplos/principal.mojo:3:
/mnt/c/PROJETOS/BIONIX-ML/exemplos/e000003_espirais_intercaladas/exemplo.mojo:20:60: note: consider transferring the value with '^'
    var ok = dados_pkg.gravar_arquivo_binario(caminho_bmp, bytes_bmp)
                                                           ^
                                                                    ^
Included from /mnt/c/PROJETOS/BIONIX-ML/exemplos/principal.mojo:3:
/mnt/c/PROJETOS/BIONIX-ML/exemplos/e000003_espirais_intercaladas/exemplo.mojo:20:60: note: you can copy it explicitly with '.copy()'
    var ok = dados_pkg.gravar_arquivo_binario(caminho_bmp, bytes_bmp)
                                                           ^
                                                                    .copy()
Included from /mnt/c/PROJETOS/BIONIX-ML/src/conjuntos/__init__.mojo:1:
Included from /mnt/c/PROJETOS/BIONIX-ML/src/conjuntos/__init__.mojo:1:
/mnt/c/PROJETOS/BIONIX-ML/src/conjuntos/csv_supervisionado.mojo:56:10: warning: transfer from an owned value has no effect and can be removed
        )^
         ^
         
Included from /mnt/c/PROJETOS/BIONIX-ML/src/conjuntos/__init__.mojo:1:
Included from /mnt/c/PROJETOS/BIONIX-ML/src/conjuntos/__init__.mojo:2:
/mnt/c/PROJETOS/BIONIX-ML/src/conjuntos/bitmap_supervisionado.mojo:39:6: warning: transfer from an owned value has no effect and can be removed
    )^
     ^
     
Included from /mnt/c/PROJETOS/BIONIX-ML/src/dados/__init__.mojo:1:
/mnt/c/PROJETOS/BIONIX-ML/src/dados/__init__.mojo:24:52: warning: 'List' is no longer implicitly copyable, because it is O(n) expensive; this warning will be an error in the next release of Mojo
    return arquivo.gravar_arquivo_binario(caminho, dados)
                                                   ^~~~~
Included from /mnt/c/PROJETOS/BIONIX-ML/src/dados/__init__.mojo:1:
/mnt/c/PROJETOS/BIONIX-ML/src/dados/__init__.mojo:24:52: note: consider transferring the value with '^'
    return arquivo.gravar_arquivo_binario(caminho, dados)
                                                   ^
                                                        ^
Included from /mnt/c/PROJETOS/BIONIX-ML/src/dados/__init__.mojo:1:
/mnt/c/PROJETOS/BIONIX-ML/src/dados/__init__.mojo:24:52: note: you can copy it explicitly with '.copy()'
    return arquivo.gravar_arquivo_binario(caminho, dados)
                                                   ^
                                                        .copy()
Included from /mnt/c/PROJETOS/BIONIX-ML/src/dados/__init__.mojo:1:
Included from /mnt/c/PROJETOS/BIONIX-ML/src/dados/__init__.mojo:5:
/mnt/c/PROJETOS/BIONIX-ML/src/dados/bmp.mojo:10:34: warning: 'List' is no longer implicitly copyable, because it is O(n) expensive; this warning will be an error in the next release of Mojo
    var uv = _bytes_to_uint32_le(b, offset)
                                 ^
Included from /mnt/c/PROJETOS/BIONIX-ML/src/dados/__init__.mojo:1:
Included from /mnt/c/PROJETOS/BIONIX-ML/src/dados/__init__.mojo:5:
/mnt/c/PROJETOS/BIONIX-ML/src/dados/bmp.mojo:10:34: note: consider transferring the value with '^'
    var uv = _bytes_to_uint32_le(b, offset)
                                 ^
                                  ^
Included from /mnt/c/PROJETOS/BIONIX-ML/src/dados/__init__.mojo:1:
Included from /mnt/c/PROJETOS/BIONIX-ML/src/dados/__init__.mojo:5:
/mnt/c/PROJETOS/BIONIX-ML/src/dados/bmp.mojo:10:34: note: you can copy it explicitly with '.copy()'
    var uv = _bytes_to_uint32_le(b, offset)
                                 ^
                                  .copy()
Included from /mnt/c/PROJETOS/BIONIX-ML/src/dados/__init__.mojo:1:
Included from /mnt/c/PROJETOS/BIONIX-ML/src/dados/__init__.mojo:5:
/mnt/c/PROJETOS/BIONIX-ML/src/dados/bmp.mojo:52:50: warning: 'List' is no longer implicitly copyable, because it is O(n) expensive; this warning will be an error in the next release of Mojo
    var pixel_array_offset = _bytes_to_uint32_le(b, 10)
                                                 ^
Included from /mnt/c/PROJETOS/BIONIX-ML/src/dados/__init__.mojo:1:
Included from /mnt/c/PROJETOS/BIONIX-ML/src/dados/__init__.mojo:5:
/mnt/c/PROJETOS/BIONIX-ML/src/dados/bmp.mojo:52:50: note: consider transferring the value with '^'
    var pixel_array_offset = _bytes_to_uint32_le(b, 10)
                                                 ^
                                                  ^
Included from /mnt/c/PROJETOS/BIONIX-ML/src/dados/__init__.mojo:1:
Included from /mnt/c/PROJETOS/BIONIX-ML/src/dados/__init__.mojo:5:
/mnt/c/PROJETOS/BIONIX-ML/src/dados/bmp.mojo:52:50: note: you can copy it explicitly with '.copy()'
    var pixel_array_offset = _bytes_to_uint32_le(b, 10)
                                                 ^
                                                  .copy()
Included from /mnt/c/PROJETOS/BIONIX-ML/src/dados/__init__.mojo:1:
Included from /mnt/c/PROJETOS/BIONIX-ML/src/dados/__init__.mojo:5:
/mnt/c/PROJETOS/BIONIX-ML/src/dados/bmp.mojo:53:47: warning: 'List' is no longer implicitly copyable, because it is O(n) expensive; this warning will be an error in the next release of Mojo
    var dib_header_size = _bytes_to_uint32_le(b, 14)
                                              ^
Included from /mnt/c/PROJETOS/BIONIX-ML/src/dados/__init__.mojo:1:
Included from /mnt/c/PROJETOS/BIONIX-ML/src/dados/__init__.mojo:5:
/mnt/c/PROJETOS/BIONIX-ML/src/dados/bmp.mojo:53:47: note: consider transferring the value with '^'
    var dib_header_size = _bytes_to_uint32_le(b, 14)
                                              ^
                                               ^
Included from /mnt/c/PROJETOS/BIONIX-ML/src/dados/__init__.mojo:1:
Included from /mnt/c/PROJETOS/BIONIX-ML/src/dados/__init__.mojo:5:
/mnt/c/PROJETOS/BIONIX-ML/src/dados/bmp.mojo:53:47: note: you can copy it explicitly with '.copy()'
    var dib_header_size = _bytes_to_uint32_le(b, 14)
                                              ^
                                               .copy()
Included from /mnt/c/PROJETOS/BIONIX-ML/src/dados/__init__.mojo:1:
Included from /mnt/c/PROJETOS/BIONIX-ML/src/dados/__init__.mojo:5:
/mnt/c/PROJETOS/BIONIX-ML/src/dados/bmp.mojo:54:36: warning: 'List' is no longer implicitly copyable, because it is O(n) expensive; this warning will be an error in the next release of Mojo
    var width = _bytes_to_int32_le(b, 18)
                                   ^
Included from /mnt/c/PROJETOS/BIONIX-ML/src/dados/__init__.mojo:1:
Included from /mnt/c/PROJETOS/BIONIX-ML/src/dados/__init__.mojo:5:
/mnt/c/PROJETOS/BIONIX-ML/src/dados/bmp.mojo:54:36: note: consider transferring the value with '^'
    var width = _bytes_to_int32_le(b, 18)
                                   ^
                                    ^
Included from /mnt/c/PROJETOS/BIONIX-ML/src/dados/__init__.mojo:1:
Included from /mnt/c/PROJETOS/BIONIX-ML/src/dados/__init__.mojo:5:
/mnt/c/PROJETOS/BIONIX-ML/src/dados/bmp.mojo:54:36: note: you can copy it explicitly with '.copy()'
    var width = _bytes_to_int32_le(b, 18)
                                   ^
                                    .copy()
Included from /mnt/c/PROJETOS/BIONIX-ML/src/dados/__init__.mojo:1:
Included from /mnt/c/PROJETOS/BIONIX-ML/src/dados/__init__.mojo:5:
/mnt/c/PROJETOS/BIONIX-ML/src/dados/bmp.mojo:55:37: warning: 'List' is no longer implicitly copyable, because it is O(n) expensive; this warning will be an error in the next release of Mojo
    var height = _bytes_to_int32_le(b, 22)
                                    ^
Included from /mnt/c/PROJETOS/BIONIX-ML/src/dados/__init__.mojo:1:
Included from /mnt/c/PROJETOS/BIONIX-ML/src/dados/__init__.mojo:5:
/mnt/c/PROJETOS/BIONIX-ML/src/dados/bmp.mojo:55:37: note: consider transferring the value with '^'
    var height = _bytes_to_int32_le(b, 22)
                                    ^
                                     ^
Included from /mnt/c/PROJETOS/BIONIX-ML/src/dados/__init__.mojo:1:
Included from /mnt/c/PROJETOS/BIONIX-ML/src/dados/__init__.mojo:5:
/mnt/c/PROJETOS/BIONIX-ML/src/dados/bmp.mojo:55:37: note: you can copy it explicitly with '.copy()'
    var height = _bytes_to_int32_le(b, 22)
                                    ^
                                     .copy()
Included from /mnt/c/PROJETOS/BIONIX-ML/src/dados/__init__.mojo:1:
Included from /mnt/c/PROJETOS/BIONIX-ML/src/dados/__init__.mojo:5:
/mnt/c/PROJETOS/BIONIX-ML/src/dados/bmp.mojo:56:46: warning: 'List' is no longer implicitly copyable, because it is O(n) expensive; this warning will be an error in the next release of Mojo
    var bits_per_pixel = _bytes_to_uint16_le(b, 28)
                                             ^
Included from /mnt/c/PROJETOS/BIONIX-ML/src/dados/__init__.mojo:1:
Included from /mnt/c/PROJETOS/BIONIX-ML/src/dados/__init__.mojo:5:
/mnt/c/PROJETOS/BIONIX-ML/src/dados/bmp.mojo:56:46: note: consider transferring the value with '^'
    var bits_per_pixel = _bytes_to_uint16_le(b, 28)
                                             ^
                                              ^
Included from /mnt/c/PROJETOS/BIONIX-ML/src/dados/__init__.mojo:1:
Included from /mnt/c/PROJETOS/BIONIX-ML/src/dados/__init__.mojo:5:
/mnt/c/PROJETOS/BIONIX-ML/src/dados/bmp.mojo:56:46: note: you can copy it explicitly with '.copy()'
    var bits_per_pixel = _bytes_to_uint16_le(b, 28)
                                             ^
                                              .copy()
Included from /mnt/c/PROJETOS/BIONIX-ML/src/dados/__init__.mojo:1:
Included from /mnt/c/PROJETOS/BIONIX-ML/src/dados/__init__.mojo:5:
/mnt/c/PROJETOS/BIONIX-ML/src/dados/bmp.mojo:111:31: warning: 'List' is no longer implicitly copyable, because it is O(n) expensive; this warning will be an error in the next release of Mojo
    return _validar_bmp_bytes(b, True)
                              ^
Included from /mnt/c/PROJETOS/BIONIX-ML/src/dados/__init__.mojo:1:
Included from /mnt/c/PROJETOS/BIONIX-ML/src/dados/__init__.mojo:5:
/mnt/c/PROJETOS/BIONIX-ML/src/dados/bmp.mojo:111:31: note: consider transferring the value with '^'
    return _validar_bmp_bytes(b, True)
                              ^
                               ^
Included from /mnt/c/PROJETOS/BIONIX-ML/src/dados/__init__.mojo:1:
Included from /mnt/c/PROJETOS/BIONIX-ML/src/dados/__init__.mojo:5:
/mnt/c/PROJETOS/BIONIX-ML/src/dados/bmp.mojo:111:31: note: you can copy it explicitly with '.copy()'
    return _validar_bmp_bytes(b, True)
                              ^
                               .copy()
Included from /mnt/c/PROJETOS/BIONIX-ML/src/conjuntos/__init__.mojo:1:
Included from /mnt/c/PROJETOS/BIONIX-ML/src/conjuntos/__init__.mojo:4:
/mnt/c/PROJETOS/BIONIX-ML/src/conjuntos/lotes_supervisionados.mojo:53:6: warning: transfer from an owned value has no effect and can be removed
    )^
     ^
     
Included from /mnt/c/PROJETOS/BIONIX-ML/src/conjuntos/__init__.mojo:1:
Included from /mnt/c/PROJETOS/BIONIX-ML/src/conjuntos/__init__.mojo:4:
/mnt/c/PROJETOS/BIONIX-ML/src/conjuntos/lotes_supervisionados.mojo:95:6: warning: transfer from an owned value has no effect and can be removed
    )^
     ^
     
Included from /mnt/c/PROJETOS/BIONIX-ML/src/graficos/__init__.mojo:1:
Included from /mnt/c/PROJETOS/BIONIX-ML/src/graficos/__init__.mojo:1:
/mnt/c/PROJETOS/BIONIX-ML/src/graficos/bmp.mojo:100:42: warning: 'List' is no longer implicitly copyable, because it is O(n) expensive; this warning will be an error in the next release of Mojo
    return gerar_bmp_24bits_de_grayscale(imagem, largura, altura)
                                         ^~~~~~
Included from /mnt/c/PROJETOS/BIONIX-ML/src/graficos/__init__.mojo:1:
Included from /mnt/c/PROJETOS/BIONIX-ML/src/graficos/__init__.mojo:1:
/mnt/c/PROJETOS/BIONIX-ML/src/graficos/bmp.mojo:100:42: note: consider transferring the value with '^'
    return gerar_bmp_24bits_de_grayscale(imagem, largura, altura)
                                         ^
                                               ^
Included from /mnt/c/PROJETOS/BIONIX-ML/src/graficos/__init__.mojo:1:
Included from /mnt/c/PROJETOS/BIONIX-ML/src/graficos/__init__.mojo:1:
/mnt/c/PROJETOS/BIONIX-ML/src/graficos/bmp.mojo:100:42: note: you can copy it explicitly with '.copy()'
    return gerar_bmp_24bits_de_grayscale(imagem, largura, altura)
                                         ^
                                               .copy()
Included from /mnt/c/PROJETOS/BIONIX-ML/src/conjuntos/__init__.mojo:1:
Included from /mnt/c/PROJETOS/BIONIX-ML/src/conjuntos/__init__.mojo:2:
/mnt/c/PROJETOS/BIONIX-ML/src/conjuntos/bitmap_supervisionado.mojo:78:41: warning: assignment to 'matriz' was never used; assign to '_' instead?
        var matriz = List[List[Float32]]()
                                        ^

============================================================
EXECUTANDO EXEMPLOS DO BIONIX
============================================================

[1/3] Exemplo 1: Testes do Núcleo (exemplo)...

[2/3] Exemplo 2: Modelo Linear com CSV e persistência...

[3/3] Exemplo 3: Espirais intercaladas com BMP + autograd + MLP...
--- Exemplo e000003: espirais intercaladas (BMP + autograd + ativações + MLP) ---
[diag.bmp] arquivo= exemplos/e000003_espirais_intercaladas/dataset_espirais.bmp  bytes= 110646
[diag.bmp] válido: w= 192  h= 192  bpp= 24  off= 54  rows_disponiveis= 192 / 192
Dataset BMP já existe; reutilizando: exemplos/e000003_espirais_intercaladas/dataset_espirais.bmp
Amostras: 2582 | Features: 2
Lotes de treino (epocas x lotes): 204 | Lotes de validação: 5
Época 0 | Loss treino médio: 0.36210385 | Loss validação: 0.42341575
Época 1 | Loss treino médio: 0.35138908 | Loss validação: 0.42451802
Época 2 | Loss treino médio: 0.3410599 | Loss validação: 0.4255124
Época 3 | Loss treino médio: 0.33082265 | Loss validação: 0.42643386
Época 4 | Loss treino médio: 0.32103002 | Loss validação: 0.42724666
Época 5 | Loss treino médio: 0.3117821 | Loss validação: 0.42798108
Época 6 | Loss treino médio: 0.30282164 | Loss validação: 0.42864886
Época 7 | Loss treino médio: 0.29424712 | Loss validação: 0.42924446
Época 8 | Loss treino médio: 0.2863195 | Loss validação: 0.42976102
Época 9 | Loss treino médio: 0.27902862 | Loss validação: 0.43020695
Época 10 | Loss treino médio: 0.2726866 | Loss validação: 0.4305462
Época 11 | Loss treino médio: 0.26736215 | Loss validação: 0.43079472
Loss final: 0.1991738
Acurácia aproximada: 0.5639039
--- Fim do exemplo e000003 ---

============================================================
CONCLUÍDO: EXEMPLOS
============================================================

